<?xml version="1.0" encoding="UTF-8"?>
<!-- Generated by org.testng.reporters.JUnitReportReporter -->
<testsuite hostname="WIN-S8HJSFNT25U" failures="0" tests="1" name="Tests.LuminorTests" time="36.438" errors="0" timestamp="2022-01-18T15:35:12 IST" skipped="0">
  <testcase classname="Tests.LuminorTests" name="currencyRates" time="36.438"/>
  <system-out/>
</testsuite> <!-- Tests.LuminorTests -->
